2024-07-29T12:11:48.700Z ERROR Something went wrong
2024-07-29T12:11:48.709Z WARNING Didn't find data
2024-07-29T12:11:48.709Z DEBUG Values of a: 42 and b: 24
2024-07-29T12:11:48.709Z INFO Completed step a
2024-07-29T12:11:48.709Z SUCCESS Completed
2024-07-29T12:22:10.156Z ERROR Something went wrong
2024-07-29T12:22:10.165Z WARNING Didn't find data
2024-07-29T12:22:10.165Z DEBUG Values of a: 42 and b: 24
2024-07-29T12:22:10.165Z INFO Completed step a
2024-07-29T12:22:10.165Z SUCCESS Completed
2024-07-29T12:22:27.803Z ERROR Something went wrong
2024-07-29T12:22:27.811Z WARNING Didn't find data
2024-07-29T12:22:27.811Z DEBUG Values of a: 42 and b: 24
2024-07-29T12:22:27.811Z INFO Completed step a
2024-07-29T12:22:27.811Z SUCCESS Completed
2024-07-29T12:23:19.002Z ERROR Something went wrong
2024-07-29T12:23:19.011Z WARNING Didn't find data
2024-07-29T12:23:19.011Z DEBUG Values of a: 42 and b: 24
2024-07-29T12:23:19.011Z INFO Completed step a
2024-07-29T12:23:19.011Z SUCCESS Completed
2024-07-29T12:23:30.414Z ERROR Something went wrong
2024-07-29T12:23:30.423Z WARNING Didn't find data
2024-07-29T12:23:30.423Z DEBUG Values of a: 42 and b: 24
2024-07-29T12:23:30.423Z INFO Completed step a
2024-07-29T12:23:30.423Z SUCCESS Completed
2024-07-29T12:32:05.779Z DEBUG Debug message
2024-07-29T12:34:07.855Z DEBUG Debug message
2024-07-29T12:34:45.494Z DEBUG Debug message
2024-07-29T12:36:06.745Z ERROR Something went wrong
2024-07-29T12:36:06.754Z WARNING Didn't find data
2024-07-29T12:36:06.754Z DEBUG Values of a: 42 and b: 24
2024-07-29T12:36:06.754Z INFO Completed step a
2024-07-29T12:36:06.754Z SUCCESS Completed
2024-07-29T12:37:26.468Z ERROR Something went wrong
2024-07-29T12:37:26.477Z WARNING Didn't find data
2024-07-29T12:37:26.477Z DEBUG Values of a: 42 and b: 24
2024-07-29T12:37:26.477Z INFO Completed step a
2024-07-29T12:37:26.478Z SUCCESS Completed
2024-07-29T12:37:45.911Z ERROR Something went wrong
2024-07-29T12:37:45.920Z WARNING Didn't find data
2024-07-29T12:37:45.920Z DEBUG Values of a: 42 and b: 24
2024-07-29T12:37:45.920Z INFO Completed step a
2024-07-29T12:37:45.920Z SUCCESS Completed
2024-07-29T12:39:19.252Z ERROR Something went wrong
2024-07-29T12:39:19.261Z WARNING Didn't find data
2024-07-29T12:39:19.261Z DEBUG Values of a: 42 and b: 24
2024-07-29T12:39:19.261Z INFO Completed step a
2024-07-29T12:39:19.261Z SUCCESS Completed
2024-07-29T12:39:33.245Z ERROR Something went wrong
2024-07-29T12:39:33.253Z WARNING Didn't find data
2024-07-29T12:39:33.254Z DEBUG Values of a:,42,and b:,24
2024-07-29T12:39:33.254Z INFO Completed step a
2024-07-29T12:39:33.254Z SUCCESS Completed
2024-07-29T12:42:48.818Z ERROR Something went wrong
2024-07-29T12:42:48.826Z WARNING Didn't find data
2024-07-29T12:42:48.826Z DEBUG Values of a: 42 and b: 24
2024-07-29T12:42:48.826Z INFO Completed step a
2024-07-29T12:42:48.826Z SUCCESS Completed
2024-07-29T12:42:58.480Z ERROR Something went wrong hello
2024-07-29T12:42:58.486Z WARNING Didn't find data
2024-07-29T12:42:58.486Z DEBUG Values of a: 42 and b: 24
2024-07-29T12:42:58.486Z INFO Completed step a
2024-07-29T12:42:58.487Z SUCCESS Completed
2024-07-29T12:43:33.178Z ERROR Something went wrong
2024-07-29T12:43:33.187Z WARNING Didn't find data
2024-07-29T12:43:33.187Z DEBUG Values of a: 42 and b: 24
2024-07-29T12:43:33.187Z INFO Completed step a
2024-07-29T12:43:33.187Z SUCCESS Completed
2024-07-29T12:43:51.887Z ERROR Something went wrong
2024-07-29T12:43:51.896Z WARNING Didn't find data
2024-07-29T12:43:51.896Z DEBUG Values of a: 42 and b: 24
2024-07-29T12:43:51.896Z INFO Completed step a
2024-07-29T12:43:51.896Z SUCCESS Completed
2024-07-29T12:44:16.489Z ERROR Something went wrong
2024-07-29T12:44:16.497Z WARNING Didn't find data
2024-07-29T12:44:16.497Z DEBUG Values of a: 42 and b: 24
2024-07-29T12:44:16.497Z INFO Completed step a
2024-07-29T12:44:16.497Z SUCCESS Completed
2024-07-29T12:44:41.195Z DEBUG Debug message
2024-07-29T12:44:51.524Z DEBUG Debug message
2024-07-29T12:54:04.985Z DEBUG Debug message
2024-07-29T12:54:22.147Z DEBUG Debug message
